<?xml version="1.0" encoding="UTF-8"?>
<testng-results ignored="0" total="1" passed="1" failed="0" skipped="0">
  <reporter-output>
  </reporter-output>
  <suite started-at="2020-08-07T12:47:17 PET" name="Default suite" finished-at="2020-08-07T12:47:32 PET" duration-ms="14995">
    <groups>
    </groups>
    <test started-at="2020-08-07T12:47:17 PET" name="Default test" finished-at="2020-08-07T12:47:32 PET" duration-ms="14995">
      <class name="Test.LoginTest3">
        <test-method is-config="true" signature="setUp()[pri:0, instance:Test.LoginTest3@3d121db3]" started-at="2020-08-07T12:47:17 PET" name="setUp" finished-at="2020-08-07T12:47:20 PET" duration-ms="3700" status="PASS">
          <reporter-output>
          </reporter-output>
        </test-method> <!-- setUp -->
        <test-method signature="Login()[pri:0, instance:Test.LoginTest3@3d121db3]" started-at="2020-08-07T12:47:20 PET" name="Login" finished-at="2020-08-07T12:47:31 PET" duration-ms="10512" status="PASS">
          <reporter-output>
          </reporter-output>
        </test-method> <!-- Login -->
        <test-method is-config="true" signature="closeBrowser()[pri:0, instance:Test.LoginTest3@3d121db3]" started-at="2020-08-07T12:47:31 PET" name="closeBrowser" finished-at="2020-08-07T12:47:32 PET" duration-ms="757" status="PASS">
          <reporter-output>
          </reporter-output>
        </test-method> <!-- closeBrowser -->
      </class> <!-- Test.LoginTest3 -->
    </test> <!-- Default test -->
  </suite> <!-- Default suite -->
</testng-results>
